<?xml version="1.0" encoding="UTF-8"?>
<!-- Generated by org.testng.reporters.JUnitXMLReporter -->
<testsuite ignored="0" hostname="DESKTOP-3ORSLE9" failures="0" tests="16" name="Test1" time="8.729" errors="0" timestamp="2024-11-14T18:48:25 IST">
  <testcase classname="com.test.GoogleTitleTest" name="getTitle" time="0.02"/>
  <testcase classname="com.test.GoogleTitleTest" name="SearchTest" time="5.508"/>
  <testcase classname="com.test.InvocationCountTest" name="sum" time="0.0"/>
  <testcase classname="com.test.InvocationCountTest" name="sum" time="0.0"/>
  <testcase classname="com.test.InvocationCountTest" name="sum" time="0.0"/>
  <testcase classname="com.test.InvocationCountTest" name="sum" time="0.0"/>
  <testcase classname="com.test.InvocationCountTest" name="sum" time="0.0"/>
  <testcase classname="com.test.InvocationCountTest" name="sum" time="0.0"/>
  <testcase classname="com.test.InvocationCountTest" name="sum" time="0.0"/>
  <testcase classname="com.test.InvocationCountTest" name="sum" time="0.0"/>
  <testcase classname="com.test.InvocationCountTest" name="sum" time="0.0"/>
  <testcase classname="com.test.InvocationCountTest" name="sum" time="0.001"/>
  <testcase classname="com.test.TestNGAnnotationsHierarchy" name="testCase1" time="0.0"/>
  <testcase classname="com.test.TestNGAnnotationsHierarchy" name="testCase2" time="0.001"/>
  <testcase classname="com.test.TestNGBasics" name="google_tile_test" time="0.0"/>
  <testcase classname="com.test.TestNGBasics" name="search_keyword" time="0.0"/>
</testsuite> <!-- Test1 -->
