<?xml version="1.0" encoding="UTF-8"?>
<testng-results ignored="0" total="16" passed="16" failed="0" skipped="0">
  <reporter-output>
  </reporter-output>
  <suite started-at="2024-11-14T18:48:16 IST" name="MyTestSuite" finished-at="2024-11-14T18:48:25 IST" duration-ms="8729">
    <groups>
      <group name="basic">
        <method signature="TestNGBasics.google_tile_test()[pri:1, instance:com.test.TestNGBasics@6a6cb05c]" name="google_tile_test" class="com.test.TestNGBasics"/>
        <method signature="TestNGBasics.search_keyword()[pri:2, instance:com.test.TestNGBasics@6a6cb05c]" name="search_keyword" class="com.test.TestNGBasics"/>
      </group> <!-- basic -->
    </groups>
    <test started-at="2024-11-14T18:48:16 IST" name="Test1" finished-at="2024-11-14T18:48:25 IST" duration-ms="8729">
      <class name="com.test.TestNGBasics">
        <test-method is-config="true" signature="setup()[pri:0, instance:com.test.TestNGBasics@6a6cb05c]" started-at="2024-11-14T18:48:16 IST" name="setup" finished-at="2024-11-14T18:48:16 IST" duration-ms="0" status="PASS">
          <reporter-output>
          </reporter-output>
        </test-method> <!-- setup -->
        <test-method is-config="true" signature="launch_browser()[pri:0, instance:com.test.TestNGBasics@6a6cb05c]" started-at="2024-11-14T18:48:16 IST" name="launch_browser" finished-at="2024-11-14T18:48:16 IST" duration-ms="1" status="PASS">
          <reporter-output>
          </reporter-output>
        </test-method> <!-- launch_browser -->
        <test-method signature="google_tile_test()[pri:1, instance:com.test.TestNGBasics@6a6cb05c]" started-at="2024-11-14T18:48:25 IST" name="google_tile_test" finished-at="2024-11-14T18:48:25 IST" duration-ms="0" status="PASS">
          <reporter-output>
          </reporter-output>
        </test-method> <!-- google_tile_test -->
        <test-method is-config="true" signature="login()[pri:0, instance:com.test.TestNGBasics@6a6cb05c]" started-at="2024-11-14T18:48:25 IST" name="login" finished-at="2024-11-14T18:48:25 IST" duration-ms="0" status="PASS">
          <reporter-output>
          </reporter-output>
        </test-method> <!-- login -->
        <test-method is-config="true" signature="enter_url()[pri:0, instance:com.test.TestNGBasics@6a6cb05c]" started-at="2024-11-14T18:48:25 IST" name="enter_url" finished-at="2024-11-14T18:48:25 IST" duration-ms="0" status="PASS">
          <reporter-output>
          </reporter-output>
        </test-method> <!-- enter_url -->
        <test-method is-config="true" signature="deleteAllCookies()[pri:0, instance:com.test.TestNGBasics@6a6cb05c]" started-at="2024-11-14T18:48:25 IST" name="deleteAllCookies" finished-at="2024-11-14T18:48:25 IST" duration-ms="0" status="PASS">
          <reporter-output>
          </reporter-output>
        </test-method> <!-- deleteAllCookies -->
        <test-method is-config="true" signature="logout()[pri:0, instance:com.test.TestNGBasics@6a6cb05c]" started-at="2024-11-14T18:48:25 IST" name="logout" finished-at="2024-11-14T18:48:25 IST" duration-ms="0" status="PASS">
          <reporter-output>
          </reporter-output>
        </test-method> <!-- logout -->
        <test-method signature="search_keyword()[pri:2, instance:com.test.TestNGBasics@6a6cb05c]" started-at="2024-11-14T18:48:25 IST" name="search_keyword" finished-at="2024-11-14T18:48:25 IST" duration-ms="0" status="PASS">
          <reporter-output>
          </reporter-output>
        </test-method> <!-- search_keyword -->
        <test-method is-config="true" signature="enter_url()[pri:0, instance:com.test.TestNGBasics@6a6cb05c]" started-at="2024-11-14T18:48:25 IST" name="enter_url" finished-at="2024-11-14T18:48:25 IST" duration-ms="0" status="PASS">
          <reporter-output>
          </reporter-output>
        </test-method> <!-- enter_url -->
        <test-method is-config="true" signature="close_Browser()[pri:0, instance:com.test.TestNGBasics@6a6cb05c]" started-at="2024-11-14T18:48:25 IST" name="close_Browser" finished-at="2024-11-14T18:48:25 IST" duration-ms="0" status="PASS">
          <reporter-output>
          </reporter-output>
        </test-method> <!-- close_Browser -->
        <test-method is-config="true" signature="logout()[pri:0, instance:com.test.TestNGBasics@6a6cb05c]" started-at="2024-11-14T18:48:25 IST" name="logout" finished-at="2024-11-14T18:48:25 IST" duration-ms="0" status="PASS">
          <reporter-output>
          </reporter-output>
        </test-method> <!-- logout -->
        <test-method is-config="true" signature="generateTestReport()[pri:0, instance:com.test.TestNGBasics@6a6cb05c]" started-at="2024-11-14T18:48:25 IST" name="generateTestReport" finished-at="2024-11-14T18:48:25 IST" duration-ms="0" status="PASS">
          <reporter-output>
          </reporter-output>
        </test-method> <!-- generateTestReport -->
      </class> <!-- com.test.TestNGBasics -->
      <class name="com.test.GoogleTitleTest">
        <test-method is-config="true" signature="setup()[pri:0, instance:com.test.GoogleTitleTest@7c7a06ec]" started-at="2024-11-14T18:48:16 IST" name="setup" finished-at="2024-11-14T18:48:19 IST" duration-ms="2884" status="PASS">
          <reporter-output>
          </reporter-output>
        </test-method> <!-- setup -->
        <test-method signature="getTitle()[pri:1, instance:com.test.GoogleTitleTest@7c7a06ec]" started-at="2024-11-14T18:48:19 IST" name="getTitle" finished-at="2024-11-14T18:48:19 IST" duration-ms="20" status="PASS">
          <reporter-output>
          </reporter-output>
        </test-method> <!-- getTitle -->
        <test-method signature="SearchTest()[pri:2, instance:com.test.GoogleTitleTest@7c7a06ec]" started-at="2024-11-14T18:48:19 IST" name="SearchTest" finished-at="2024-11-14T18:48:25 IST" duration-ms="5508" status="PASS">
          <reporter-output>
          </reporter-output>
        </test-method> <!-- SearchTest -->
        <test-method is-config="true" signature="tearDown()[pri:0, instance:com.test.GoogleTitleTest@7c7a06ec]" started-at="2024-11-14T18:48:25 IST" name="tearDown" finished-at="2024-11-14T18:48:25 IST" duration-ms="236" status="PASS">
          <reporter-output>
          </reporter-output>
        </test-method> <!-- tearDown -->
      </class> <!-- com.test.GoogleTitleTest -->
      <class name="com.test.InvocationCountTest">
        <test-method signature="sum()[pri:0, instance:com.test.InvocationCountTest@22555ebf]" started-at="2024-11-14T18:48:25 IST" name="sum" finished-at="2024-11-14T18:48:25 IST" duration-ms="0" status="PASS">
          <reporter-output>
          </reporter-output>
        </test-method> <!-- sum -->
        <test-method signature="sum()[pri:0, instance:com.test.InvocationCountTest@22555ebf]" started-at="2024-11-14T18:48:25 IST" name="sum" finished-at="2024-11-14T18:48:25 IST" duration-ms="0" status="PASS">
          <reporter-output>
          </reporter-output>
        </test-method> <!-- sum -->
        <test-method signature="sum()[pri:0, instance:com.test.InvocationCountTest@22555ebf]" started-at="2024-11-14T18:48:25 IST" name="sum" finished-at="2024-11-14T18:48:25 IST" duration-ms="0" status="PASS">
          <reporter-output>
          </reporter-output>
        </test-method> <!-- sum -->
        <test-method signature="sum()[pri:0, instance:com.test.InvocationCountTest@22555ebf]" started-at="2024-11-14T18:48:25 IST" name="sum" finished-at="2024-11-14T18:48:25 IST" duration-ms="0" status="PASS">
          <reporter-output>
          </reporter-output>
        </test-method> <!-- sum -->
        <test-method signature="sum()[pri:0, instance:com.test.InvocationCountTest@22555ebf]" started-at="2024-11-14T18:48:25 IST" name="sum" finished-at="2024-11-14T18:48:25 IST" duration-ms="0" status="PASS">
          <reporter-output>
          </reporter-output>
        </test-method> <!-- sum -->
        <test-method signature="sum()[pri:0, instance:com.test.InvocationCountTest@22555ebf]" started-at="2024-11-14T18:48:25 IST" name="sum" finished-at="2024-11-14T18:48:25 IST" duration-ms="0" status="PASS">
          <reporter-output>
          </reporter-output>
        </test-method> <!-- sum -->
        <test-method signature="sum()[pri:0, instance:com.test.InvocationCountTest@22555ebf]" started-at="2024-11-14T18:48:25 IST" name="sum" finished-at="2024-11-14T18:48:25 IST" duration-ms="0" status="PASS">
          <reporter-output>
          </reporter-output>
        </test-method> <!-- sum -->
        <test-method signature="sum()[pri:0, instance:com.test.InvocationCountTest@22555ebf]" started-at="2024-11-14T18:48:25 IST" name="sum" finished-at="2024-11-14T18:48:25 IST" duration-ms="0" status="PASS">
          <reporter-output>
          </reporter-output>
        </test-method> <!-- sum -->
        <test-method signature="sum()[pri:0, instance:com.test.InvocationCountTest@22555ebf]" started-at="2024-11-14T18:48:25 IST" name="sum" finished-at="2024-11-14T18:48:25 IST" duration-ms="0" status="PASS">
          <reporter-output>
          </reporter-output>
        </test-method> <!-- sum -->
        <test-method signature="sum()[pri:0, instance:com.test.InvocationCountTest@22555ebf]" started-at="2024-11-14T18:48:25 IST" name="sum" finished-at="2024-11-14T18:48:25 IST" duration-ms="1" status="PASS">
          <reporter-output>
          </reporter-output>
        </test-method> <!-- sum -->
      </class> <!-- com.test.InvocationCountTest -->
      <class name="com.test.TestNGAnnotationsHierarchy">
        <test-method is-config="true" signature="beforeSuite()[pri:0, instance:com.test.TestNGAnnotationsHierarchy@702657cc]" started-at="2024-11-14T18:48:16 IST" name="beforeSuite" finished-at="2024-11-14T18:48:16 IST" duration-ms="10" status="PASS">
          <reporter-output>
          </reporter-output>
        </test-method> <!-- beforeSuite -->
        <test-method is-config="true" signature="beforeTest()[pri:0, instance:com.test.TestNGAnnotationsHierarchy@702657cc]" started-at="2024-11-14T18:48:16 IST" name="beforeTest" finished-at="2024-11-14T18:48:16 IST" duration-ms="0" status="PASS">
          <reporter-output>
          </reporter-output>
        </test-method> <!-- beforeTest -->
        <test-method is-config="true" signature="beforeClass()[pri:0, instance:com.test.TestNGAnnotationsHierarchy@702657cc]" started-at="2024-11-14T18:48:25 IST" name="beforeClass" finished-at="2024-11-14T18:48:25 IST" duration-ms="0" status="PASS">
          <reporter-output>
          </reporter-output>
        </test-method> <!-- beforeClass -->
        <test-method is-config="true" signature="beforeMethod()[pri:0, instance:com.test.TestNGAnnotationsHierarchy@702657cc]" started-at="2024-11-14T18:48:25 IST" name="beforeMethod" finished-at="2024-11-14T18:48:25 IST" duration-ms="0" status="PASS">
          <reporter-output>
          </reporter-output>
        </test-method> <!-- beforeMethod -->
        <test-method signature="testCase1()[pri:0, instance:com.test.TestNGAnnotationsHierarchy@702657cc]" started-at="2024-11-14T18:48:25 IST" name="testCase1" finished-at="2024-11-14T18:48:25 IST" duration-ms="0" status="PASS">
          <reporter-output>
          </reporter-output>
        </test-method> <!-- testCase1 -->
        <test-method is-config="true" signature="afterMethod()[pri:0, instance:com.test.TestNGAnnotationsHierarchy@702657cc]" started-at="2024-11-14T18:48:25 IST" name="afterMethod" finished-at="2024-11-14T18:48:25 IST" duration-ms="2" status="PASS">
          <reporter-output>
          </reporter-output>
        </test-method> <!-- afterMethod -->
        <test-method is-config="true" signature="beforeMethod()[pri:0, instance:com.test.TestNGAnnotationsHierarchy@702657cc]" started-at="2024-11-14T18:48:25 IST" name="beforeMethod" finished-at="2024-11-14T18:48:25 IST" duration-ms="0" status="PASS">
          <reporter-output>
          </reporter-output>
        </test-method> <!-- beforeMethod -->
        <test-method signature="testCase2()[pri:0, instance:com.test.TestNGAnnotationsHierarchy@702657cc]" started-at="2024-11-14T18:48:25 IST" name="testCase2" finished-at="2024-11-14T18:48:25 IST" duration-ms="1" status="PASS">
          <reporter-output>
          </reporter-output>
        </test-method> <!-- testCase2 -->
        <test-method is-config="true" signature="afterMethod()[pri:0, instance:com.test.TestNGAnnotationsHierarchy@702657cc]" started-at="2024-11-14T18:48:25 IST" name="afterMethod" finished-at="2024-11-14T18:48:25 IST" duration-ms="0" status="PASS">
          <reporter-output>
          </reporter-output>
        </test-method> <!-- afterMethod -->
        <test-method is-config="true" signature="afterClass()[pri:0, instance:com.test.TestNGAnnotationsHierarchy@702657cc]" started-at="2024-11-14T18:48:25 IST" name="afterClass" finished-at="2024-11-14T18:48:25 IST" duration-ms="0" status="PASS">
          <reporter-output>
          </reporter-output>
        </test-method> <!-- afterClass -->
        <test-method is-config="true" signature="afterTest()[pri:0, instance:com.test.TestNGAnnotationsHierarchy@702657cc]" started-at="2024-11-14T18:48:25 IST" name="afterTest" finished-at="2024-11-14T18:48:25 IST" duration-ms="0" status="PASS">
          <reporter-output>
          </reporter-output>
        </test-method> <!-- afterTest -->
        <test-method is-config="true" signature="afterSuite()[pri:0, instance:com.test.TestNGAnnotationsHierarchy@702657cc]" started-at="2024-11-14T18:48:25 IST" name="afterSuite" finished-at="2024-11-14T18:48:25 IST" duration-ms="0" status="PASS">
          <reporter-output>
          </reporter-output>
        </test-method> <!-- afterSuite -->
      </class> <!-- com.test.TestNGAnnotationsHierarchy -->
    </test> <!-- Test1 -->
  </suite> <!-- MyTestSuite -->
</testng-results>
